
2025-03-27 20:58:18,275 - INFO - Processing: /home/aniket/Projects/PyBak/source/two.txt
2025-03-27 20:58:18,275 - INFO - Duplicate file so skipping archieval
2025-03-27 20:58:18,275 - INFO - Processing: /home/aniket/Projects/PyBak/source/one.txt
2025-03-27 20:58:18,275 - INFO - Duplicate file so skipping archieval
2025-03-27 20:58:18,275 - INFO - Processing: /home/aniket/Projects/PyBak/source/three.txt
2025-03-27 20:58:18,275 - INFO - Duplicate file so skipping archieval
2025-03-27 20:58:18,368 - INFO - Processing: /home/aniket/Projects/PyBak/source/20mb-examplefile-com.txt
2025-03-27 20:58:18,368 - INFO - Duplicate file so skipping archieval
2025-03-27 20:58:18,368 - INFO - Compression completed.
2025-03-27 20:58:29,219 - INFO - Processing: /home/aniket/Projects/PyBak/source/two.txt
2025-03-27 20:58:29,219 - INFO - Duplicate file so skipping archieval
2025-03-27 20:58:29,219 - INFO - Processing: /home/aniket/Projects/PyBak/source/one.txt
2025-03-27 20:58:29,219 - INFO - Duplicate file so skipping archieval
2025-03-27 20:58:29,219 - INFO - Processing: /home/aniket/Projects/PyBak/source/three.txt
2025-03-27 20:58:29,219 - INFO - Duplicate file so skipping archieval
2025-03-27 20:58:29,312 - INFO - Processing: /home/aniket/Projects/PyBak/source/20mb-examplefile-com.txt
2025-03-27 20:58:29,312 - INFO - Duplicate file so skipping archieval
2025-03-27 20:58:29,312 - INFO - Compression completed.
2025-03-27 20:59:08,085 - INFO - Processing: /home/aniket/Projects/PyBak/source/two.txt
2025-03-27 20:59:08,085 - INFO - Duplicate file so skipping archieval
2025-03-27 20:59:08,085 - INFO - Processing: /home/aniket/Projects/PyBak/source/one.txt
2025-03-27 20:59:08,085 - INFO - Duplicate file so skipping archieval
2025-03-27 20:59:08,085 - INFO - Processing: /home/aniket/Projects/PyBak/source/three.txt
2025-03-27 20:59:08,085 - INFO - Duplicate file so skipping archieval
2025-03-27 20:59:08,178 - INFO - Processing: /home/aniket/Projects/PyBak/source/20mb-examplefile-com.txt
2025-03-27 20:59:08,178 - INFO - Duplicate file so skipping archieval
2025-03-27 20:59:08,404 - INFO - Processing: /home/aniket/Projects/PyBak/source/50mb.txt
2025-03-27 20:59:09,140 - INFO - Compression completed.
2025-03-27 20:59:15,831 - INFO - Processing: /home/aniket/Projects/PyBak/source/two.txt
2025-03-27 20:59:15,831 - INFO - Duplicate file so skipping archieval
2025-03-27 20:59:15,831 - INFO - Processing: /home/aniket/Projects/PyBak/source/one.txt
2025-03-27 20:59:15,831 - INFO - Duplicate file so skipping archieval
2025-03-27 20:59:15,831 - INFO - Processing: /home/aniket/Projects/PyBak/source/three.txt
2025-03-27 20:59:15,831 - INFO - Duplicate file so skipping archieval
2025-03-27 20:59:15,924 - INFO - Processing: /home/aniket/Projects/PyBak/source/20mb-examplefile-com.txt
2025-03-27 20:59:15,924 - INFO - Duplicate file so skipping archieval
2025-03-27 20:59:16,151 - INFO - Processing: /home/aniket/Projects/PyBak/source/50mb.txt
2025-03-27 20:59:16,151 - INFO - Duplicate file so skipping archieval
2025-03-27 20:59:16,151 - INFO - Compression completed.
2025-03-28 09:07:13,282 - INFO - Processing: /home/aniket/Projects/PyBak/source/two.txt
2025-03-28 09:07:13,283 - INFO - Duplicate file so skipping archieval
2025-03-28 09:07:13,284 - INFO - Processing: /home/aniket/Projects/PyBak/source/one.txt
2025-03-28 09:07:13,284 - INFO - Duplicate file so skipping archieval
2025-03-28 09:07:13,284 - INFO - Processing: /home/aniket/Projects/PyBak/source/three.txt
2025-03-28 09:07:13,284 - INFO - Duplicate file so skipping archieval
2025-03-28 09:07:13,634 - INFO - Processing: /home/aniket/Projects/PyBak/source/20mb-examplefile-com.txt
2025-03-28 09:07:13,634 - INFO - Duplicate file so skipping archieval
2025-03-28 09:07:14,391 - INFO - Processing: /home/aniket/Projects/PyBak/source/50mb.txt
2025-03-28 09:07:14,392 - INFO - Duplicate file so skipping archieval
2025-03-28 09:07:14,392 - INFO - Compression completed.
2025-03-28 09:08:04,444 - INFO - Processing: /home/aniket/Projects/PyBak/source/two.txt
2025-03-28 09:08:26,964 - INFO - Processing: /home/aniket/Projects/PyBak/source/two.txt
2025-03-28 09:09:08,069 - INFO - Processing: /home/aniket/Projects/PyBak/source/two.txt
2025-03-28 09:11:39,382 - INFO - Processing: /home/aniket/Projects/PyBak/source/two.txt
2025-03-28 09:13:52,520 - INFO - Processing: /home/aniket/Projects/PyBak/source/two.txt
2025-03-28 09:14:38,703 - INFO - Processing: /home/aniket/Projects/PyBak/source/two.txt
2025-03-28 09:14:38,977 - INFO - Processing: /home/aniket/Projects/PyBak/source/one.txt
2025-03-28 09:14:39,217 - INFO - Processing: /home/aniket/Projects/PyBak/source/three.txt
2025-03-28 09:14:39,217 - INFO - Duplicate file so skipping archieval
2025-03-28 09:14:39,312 - INFO - Processing: /home/aniket/Projects/PyBak/source/20mb-examplefile-com.txt
2025-03-28 09:14:40,014 - INFO - Processing: /home/aniket/Projects/PyBak/source/50mb.txt
2025-03-28 09:14:40,720 - INFO - Compression completed.
2025-03-28 09:16:15,967 - INFO - Processing: /home/aniket/Projects/PyBak/source/two.txt
2025-03-28 09:16:16,208 - INFO - Processing: /home/aniket/Projects/PyBak/source/one.txt
2025-03-28 09:16:16,403 - INFO - Processing: /home/aniket/Projects/PyBak/source/three.txt
2025-03-28 09:16:16,403 - INFO - Duplicate file so skipping archieval
2025-03-28 09:16:16,497 - INFO - Processing: /home/aniket/Projects/PyBak/source/20mb-examplefile-com.txt
2025-03-28 09:16:17,213 - INFO - Processing: /home/aniket/Projects/PyBak/source/50mb.txt
2025-03-28 09:16:18,062 - INFO - Compression completed.
2025-03-28 09:16:58,412 - INFO - Processing: /home/aniket/Projects/PyBak/source/two.txt
2025-03-28 09:16:58,597 - INFO - Processing: /home/aniket/Projects/PyBak/source/one.txt
2025-03-28 09:16:58,782 - INFO - Processing: /home/aniket/Projects/PyBak/source/three.txt
2025-03-28 09:16:58,783 - INFO - Duplicate file so skipping archieval
2025-03-28 09:16:58,877 - INFO - Processing: /home/aniket/Projects/PyBak/source/20mb-examplefile-com.txt
2025-03-28 09:16:59,571 - INFO - Processing: /home/aniket/Projects/PyBak/source/50mb.txt
2025-03-28 09:17:00,274 - INFO - Compression completed.
2025-03-28 09:20:35,467 - INFO - Processing: /home/aniket/Projects/PyBak/source/two.txt
2025-03-28 09:20:35,652 - INFO - Processing: /home/aniket/Projects/PyBak/source/one.txt
2025-03-28 09:20:35,837 - INFO - Processing: /home/aniket/Projects/PyBak/source/three.txt
2025-03-28 09:20:35,837 - INFO - Duplicate file so skipping archieval
2025-03-28 09:20:35,932 - INFO - Processing: /home/aniket/Projects/PyBak/source/20mb-examplefile-com.txt
2025-03-28 09:20:36,525 - INFO - Processing: /home/aniket/Projects/PyBak/source/50mb.txt
2025-03-28 09:20:37,140 - INFO - Compression completed.
2025-03-28 09:20:37,141 - INFO - Generating Report
2025-03-28 09:20:37,141 - INFO - RUN_2025-03-28_09-20-35 --> is the run token
2025-03-28 09:20:37,141 - INFO - Exiting Generating Report
2025-03-28 09:23:21,544 - INFO - Processing: /home/aniket/Projects/PyBak/source/two.txt
2025-03-28 09:23:21,729 - INFO - Processing: /home/aniket/Projects/PyBak/source/one.txt
2025-03-28 09:23:21,914 - INFO - Processing: /home/aniket/Projects/PyBak/source/three.txt
2025-03-28 09:23:21,914 - INFO - Duplicate file so skipping archieval
2025-03-28 09:23:22,008 - INFO - Processing: /home/aniket/Projects/PyBak/source/20mb-examplefile-com.txt
2025-03-28 09:23:22,735 - INFO - Processing: /home/aniket/Projects/PyBak/source/50mb.txt
2025-03-28 09:23:23,495 - INFO - Compression completed.
2025-03-28 09:23:23,495 - INFO - Generating Report
2025-03-28 09:23:56,108 - INFO - Processing: /home/aniket/Projects/PyBak/source/two.txt
2025-03-28 09:23:56,282 - INFO - Processing: /home/aniket/Projects/PyBak/source/one.txt
2025-03-28 09:23:56,456 - INFO - Processing: /home/aniket/Projects/PyBak/source/three.txt
2025-03-28 09:23:56,456 - INFO - Duplicate file so skipping archieval
2025-03-28 09:23:56,552 - INFO - Processing: /home/aniket/Projects/PyBak/source/20mb-examplefile-com.txt
2025-03-28 09:23:57,230 - INFO - Processing: /home/aniket/Projects/PyBak/source/50mb.txt
2025-03-28 09:23:57,914 - INFO - Compression completed.
2025-03-28 09:23:57,915 - INFO - Generating Report
2025-03-28 09:23:57,916 - INFO - RUN_2025-03-28_09-23-56 --> is the run token
2025-03-28 09:23:57,916 - INFO - Exiting Generating Report
2025-03-28 09:25:45,788 - INFO - Processing: /home/aniket/Projects/PyBak/source/two.txt
2025-03-28 09:25:45,788 - INFO - Duplicate file so skipping archieval
2025-03-28 09:25:45,788 - INFO - Processing: /home/aniket/Projects/PyBak/source/one.txt
2025-03-28 09:25:46,049 - INFO - Processing: /home/aniket/Projects/PyBak/source/three.txt
2025-03-28 09:25:46,049 - INFO - Duplicate file so skipping archieval
2025-03-28 09:25:46,161 - INFO - Processing: /home/aniket/Projects/PyBak/source/20mb-examplefile-com.txt
2025-03-28 09:25:46,161 - INFO - Duplicate file so skipping archieval
2025-03-28 09:25:46,387 - INFO - Processing: /home/aniket/Projects/PyBak/source/50mb.txt
2025-03-28 09:25:46,387 - INFO - Duplicate file so skipping archieval
2025-03-28 09:25:46,387 - INFO - Compression completed.
2025-03-28 09:25:46,387 - INFO - Generating Report
2025-03-28 09:25:46,387 - INFO - RUN_2025-03-28_09-25-45 --> is the run token
2025-03-28 09:25:46,388 - INFO - Exiting Generating Report
2025-03-28 09:28:38,396 - INFO - Processing: /home/aniket/Projects/PyBak/source/two.txt
2025-03-28 09:28:38,397 - INFO - Duplicate file so skipping archieval
2025-03-28 09:28:38,397 - INFO - Processing: /home/aniket/Projects/PyBak/source/one.txt
2025-03-28 09:28:38,397 - INFO - Duplicate file so skipping archieval
2025-03-28 09:28:38,397 - INFO - Processing: /home/aniket/Projects/PyBak/source/three.txt
2025-03-28 09:28:38,397 - INFO - Duplicate file so skipping archieval
2025-03-28 09:28:38,490 - INFO - Processing: /home/aniket/Projects/PyBak/source/20mb-examplefile-com.txt
2025-03-28 09:28:38,490 - INFO - Duplicate file so skipping archieval
2025-03-28 09:28:38,716 - INFO - Processing: /home/aniket/Projects/PyBak/source/50mb.txt
2025-03-28 09:28:38,716 - INFO - Duplicate file so skipping archieval
2025-03-28 09:28:38,716 - INFO - Compression completed.
2025-03-28 09:28:38,717 - INFO - Generating Report
2025-03-28 09:28:38,717 - INFO - RUN_2025-03-28_09-28-38 --> is the run token
2025-03-28 09:28:38,717 - INFO - Exiting Generating Report
2025-03-28 09:30:21,487 - INFO - Processing: /home/aniket/Projects/PyBak/source/two.txt
2025-03-28 09:30:21,487 - INFO - Duplicate file so skipping archieval
2025-03-28 09:30:21,487 - INFO - Processing: /home/aniket/Projects/PyBak/source/one.txt
2025-03-28 09:30:21,487 - INFO - Duplicate file so skipping archieval
2025-03-28 09:30:21,487 - INFO - Processing: /home/aniket/Projects/PyBak/source/three.txt
2025-03-28 09:30:21,488 - INFO - Duplicate file so skipping archieval
2025-03-28 09:30:21,579 - INFO - Processing: /home/aniket/Projects/PyBak/source/20mb-examplefile-com.txt
2025-03-28 09:30:21,580 - INFO - Duplicate file so skipping archieval
2025-03-28 09:30:21,805 - INFO - Processing: /home/aniket/Projects/PyBak/source/50mb.txt
2025-03-28 09:30:21,805 - INFO - Duplicate file so skipping archieval
2025-03-28 09:30:21,805 - INFO - Compression completed.
2025-03-28 09:30:31,872 - INFO - Processing: /home/aniket/Projects/PyBak/source/two.txt
2025-03-28 09:30:31,872 - INFO - Duplicate file so skipping archieval
2025-03-28 09:30:31,872 - INFO - Processing: /home/aniket/Projects/PyBak/source/one.txt
2025-03-28 09:30:31,872 - INFO - Duplicate file so skipping archieval
2025-03-28 09:30:31,872 - INFO - Processing: /home/aniket/Projects/PyBak/source/three.txt
2025-03-28 09:30:31,872 - INFO - Duplicate file so skipping archieval
2025-03-28 09:30:31,964 - INFO - Processing: /home/aniket/Projects/PyBak/source/20mb-examplefile-com.txt
2025-03-28 09:30:31,964 - INFO - Duplicate file so skipping archieval
2025-03-28 09:30:32,191 - INFO - Processing: /home/aniket/Projects/PyBak/source/50mb.txt
2025-03-28 09:30:32,191 - INFO - Duplicate file so skipping archieval
2025-03-28 09:30:32,191 - INFO - Compression completed.
2025-03-28 09:30:50,342 - INFO - Processing: /home/aniket/Projects/PyBak/source/two.txt
2025-03-28 09:30:50,343 - INFO - Duplicate file so skipping archieval
2025-03-28 09:30:50,343 - INFO - Processing: /home/aniket/Projects/PyBak/source/one.txt
2025-03-28 09:30:50,343 - INFO - Duplicate file so skipping archieval
2025-03-28 09:30:50,343 - INFO - Processing: /home/aniket/Projects/PyBak/source/three.txt
2025-03-28 09:30:50,343 - INFO - Duplicate file so skipping archieval
2025-03-28 09:30:50,435 - INFO - Processing: /home/aniket/Projects/PyBak/source/20mb-examplefile-com.txt
2025-03-28 09:30:50,435 - INFO - Duplicate file so skipping archieval
2025-03-28 09:30:50,660 - INFO - Processing: /home/aniket/Projects/PyBak/source/50mb.txt
2025-03-28 09:30:50,661 - INFO - Duplicate file so skipping archieval
2025-03-28 09:30:50,661 - INFO - Compression completed.
2025-03-28 09:30:50,661 - INFO - Generating Report
2025-03-28 09:30:50,661 - INFO - Report generated /home/aniket/Projects/PyBak/reports/Report_RUN_2025-03-28_09-30-50.csv
2025-03-28 09:31:15,551 - INFO - Processing: /home/aniket/Projects/PyBak/source/two.txt
2025-03-28 09:31:15,551 - INFO - Duplicate file so skipping archieval
2025-03-28 09:31:15,552 - INFO - Processing: /home/aniket/Projects/PyBak/source/one.txt
2025-03-28 09:31:15,552 - INFO - Duplicate file so skipping archieval
2025-03-28 09:31:15,552 - INFO - Processing: /home/aniket/Projects/PyBak/source/three.txt
2025-03-28 09:31:15,552 - INFO - Duplicate file so skipping archieval
2025-03-28 09:31:15,644 - INFO - Processing: /home/aniket/Projects/PyBak/source/20mb-examplefile-com.txt
2025-03-28 09:31:15,644 - INFO - Duplicate file so skipping archieval
2025-03-28 09:31:15,879 - INFO - Processing: /home/aniket/Projects/PyBak/source/50mb.txt
2025-03-28 09:31:15,879 - INFO - Duplicate file so skipping archieval
2025-03-28 09:31:15,879 - INFO - Compression completed.
2025-03-28 09:31:15,879 - INFO - Generating Report
2025-03-28 09:31:15,880 - INFO - Report generated /home/aniket/Projects/PyBak/reports/Report_RUN_2025-03-28_09-31-15.csv
2025-03-28 09:43:44,431 - INFO - Processing: /home/aniket/Projects/PyBak/source/two.txt
2025-03-28 09:43:44,431 - INFO - Duplicate file so skipping archieval
2025-03-28 09:43:44,431 - INFO - Processing: /home/aniket/Projects/PyBak/source/one.txt
2025-03-28 09:43:44,431 - INFO - Duplicate file so skipping archieval
2025-03-28 09:43:44,431 - INFO - Processing: /home/aniket/Projects/PyBak/source/three.txt
2025-03-28 09:43:44,431 - INFO - Duplicate file so skipping archieval
2025-03-28 09:43:44,523 - INFO - Processing: /home/aniket/Projects/PyBak/source/20mb-examplefile-com.txt
2025-03-28 09:43:44,523 - INFO - Duplicate file so skipping archieval
2025-03-28 09:43:44,748 - INFO - Processing: /home/aniket/Projects/PyBak/source/50mb.txt
2025-03-28 09:43:44,748 - INFO - Duplicate file so skipping archieval
2025-03-28 09:43:44,749 - INFO - Compression completed.
2025-03-28 09:43:44,749 - INFO - Generating Report
2025-03-28 09:43:44,749 - INFO - Report generated /home/aniket/Projects/PyBak/reports/Report_RUN_2025-03-28_09-43-44.csv
2025-03-28 09:43:47,123 - INFO - Processing: /home/aniket/Projects/PyBak/source/two.txt
2025-03-28 09:43:47,123 - INFO - Duplicate file so skipping archieval
2025-03-28 09:43:47,123 - INFO - Processing: /home/aniket/Projects/PyBak/source/one.txt
2025-03-28 09:43:47,123 - INFO - Duplicate file so skipping archieval
2025-03-28 09:43:47,123 - INFO - Processing: /home/aniket/Projects/PyBak/source/three.txt
2025-03-28 09:43:47,123 - INFO - Duplicate file so skipping archieval
2025-03-28 09:43:47,215 - INFO - Processing: /home/aniket/Projects/PyBak/source/20mb-examplefile-com.txt
2025-03-28 09:43:47,215 - INFO - Duplicate file so skipping archieval
2025-03-28 09:43:47,439 - INFO - Processing: /home/aniket/Projects/PyBak/source/50mb.txt
2025-03-28 09:43:47,439 - INFO - Duplicate file so skipping archieval
2025-03-28 09:43:47,440 - INFO - Compression completed.
2025-03-28 09:43:47,440 - INFO - Generating Report
2025-03-28 09:43:47,440 - INFO - Report generated /home/aniket/Projects/PyBak/reports/Report_RUN_2025-03-28_09-43-47.csv
2025-03-28 09:43:48,150 - INFO - Processing: /home/aniket/Projects/PyBak/source/two.txt
2025-03-28 09:43:48,150 - INFO - Duplicate file so skipping archieval
2025-03-28 09:43:48,150 - INFO - Processing: /home/aniket/Projects/PyBak/source/one.txt
2025-03-28 09:43:48,150 - INFO - Duplicate file so skipping archieval
2025-03-28 09:43:48,150 - INFO - Processing: /home/aniket/Projects/PyBak/source/three.txt
2025-03-28 09:43:48,150 - INFO - Duplicate file so skipping archieval
2025-03-28 09:43:48,242 - INFO - Processing: /home/aniket/Projects/PyBak/source/20mb-examplefile-com.txt
2025-03-28 09:43:48,242 - INFO - Duplicate file so skipping archieval
2025-03-28 09:43:48,467 - INFO - Processing: /home/aniket/Projects/PyBak/source/50mb.txt
2025-03-28 09:43:48,467 - INFO - Duplicate file so skipping archieval
2025-03-28 09:43:48,467 - INFO - Compression completed.
2025-03-28 09:43:48,467 - INFO - Generating Report
2025-03-28 09:43:48,468 - INFO - Report generated /home/aniket/Projects/PyBak/reports/Report_RUN_2025-03-28_09-43-48.csv
